SF:lib\web_cache_document.dart
DA:12,3
DA:14,2
DA:15,2
DA:16,4
DA:17,2
DA:21,3
DA:22,3
DA:23,6
DA:24,3
LF:9
LH:9
end_of_record
SF:lib\cached_web_request.dart
DA:30,2
DA:33,12
DA:36,2
DA:37,4
DA:38,4
DA:39,4
DA:47,2
DA:48,4
DA:50,2
DA:51,2
DA:52,2
DA:56,4
DA:58,0
DA:62,12
DA:63,2
DA:64,4
DA:67,0
DA:72,1
DA:79,10
DA:84,2
DA:85,4
DA:86,8
DA:90,2
DA:91,6
DA:92,4
DA:93,4
DA:95,4
DA:96,2
DA:99,4
DA:100,4
DA:103,4
DA:104,4
DA:110,4
DA:115,8
DA:118,10
DA:121,1
DA:122,2
DA:123,2
DA:124,1
DA:126,1
DA:130,1
DA:131,2
DA:132,4
LF:43
LH:41
end_of_record
SF:lib\web_cache_type\time_cache_type.dart
DA:10,2
DA:12,1
DA:14,6
LF:3
LH:3
end_of_record
SF:lib\web_cache_type\util_web_cache_type.dart
DA:7,1
DA:16,1
LF:2
LH:2
end_of_record
