SF:lib\web_cache_document.dart
DA:12,3
DA:14,1
DA:15,1
DA:16,2
DA:17,1
DA:21,3
DA:22,3
DA:23,6
DA:24,3
LF:9
LH:9
end_of_record
SF:lib\cached_web_request.dart
DA:31,2
DA:34,12
DA:37,2
DA:38,4
DA:39,4
DA:40,2
DA:48,2
DA:49,4
DA:51,0
DA:52,0
DA:53,0
DA:57,4
DA:59,0
DA:63,12
DA:64,2
DA:65,4
DA:68,0
DA:73,1
DA:80,10
DA:85,2
DA:86,4
DA:87,8
DA:91,2
DA:92,6
DA:93,4
DA:94,4
DA:96,4
DA:97,2
DA:100,4
DA:101,4
DA:104,4
DA:105,4
DA:111,8
DA:114,10
DA:117,0
DA:118,0
DA:119,0
DA:120,0
DA:122,0
LF:39
LH:29
end_of_record
SF:lib\web_cache_type\time_cache_type.dart
DA:10,2
DA:12,0
DA:14,0
LF:3
LH:1
end_of_record
